SF:lib/services/models/statistic.dart
DA:8,5
DA:10,5
DA:11,5
DA:12,5
DA:13,15
DA:16,1
DA:17,1
DA:18,4
DA:21,1
DA:22,2
LF:10
LH:10
end_of_record
SF:lib/services/answer.dart
DA:5,1
DA:6,1
DA:7,2
DA:8,2
DA:9,2
DA:11,1
LF:6
LH:6
end_of_record
SF:lib/services/models/topic.dart
DA:6,0
DA:8,0
DA:9,0
DA:10,0
DA:11,0
LF:5
LH:0
end_of_record
SF:lib/services/topics.dart
DA:7,0
DA:9,0
DA:10,0
DA:12,0
DA:13,0
DA:19,0
DA:20,0
DA:21,0
DA:22,0
LF:9
LH:0
end_of_record
SF:lib/services/models/question.dart
DA:8,1
LF:1
LH:1
end_of_record
SF:lib/services/question.dart
DA:7,1
DA:8,1
DA:9,2
DA:10,2
DA:13,5
DA:15,3
DA:16,2
LF:7
LH:7
end_of_record
